


ARM Macro Assembler    Page 1 


    1 00000000         
    2 00000000         
    3 00000000         ;*******************************************************
                       *****************
    4 00000000                 THUMB
    5 00000000                 REQUIRE8
    6 00000000                 PRESERVE8
    7 00000000         ;*******************************************************
                       *****************
    8 00000000         
    9 00000000                 include          REG_UTILES.inc
    1 00000000         
    2 00000000         ;**************************************
    3 00000000         ;     Les adresess utiles  
    4 00000000         ;***************************************
    5 00000000         
    6 00000000         
    7 00000000         ;**************************************
    8 00000000         ;     Affectation des bits GPIO  
    9 00000000         ;***************************************
   10 00000000         ; GSLCK..... PA0 
   11 00000000         ; DSPRG..... PA1 
   12 00000000         ; BLANK..... PA2 
   13 00000000         ; XLAT...... PA3
   14 00000000         ; VPRG...... PA4
   15 00000000         ; SCLK...... PA5
   16 00000000         ; SIN1...... PA7
   17 00000000         ;Capteur.....PA8
   18 00000000         
   19 00000000         ;LED.........PB10
   20 00000000         ;****************************************/
   21 00000000         
   22 00000000         
   23 00000000         
   24 00000000 40010800 
                       GPIOBASEA
                               EQU              0X40010800
   25 00000000 40010C00 
                       GPIOBASEB
                               EQU              0X40010C00
   26 00000000         
   27 00000000 00000008 
                       OffsetInput
                               EQU              0x08
   28 00000000 0000000C 
                       OffsetOutput
                               EQU              0x0C
   29 00000000 00000010 
                       OffsetSet
                               EQU              0x10
   30 00000000 00000014 
                       OffsetReset
                               EQU              0x14
   31 00000000         
   32 00000000         
   33 00000000 00000080 
                       MaskSerial_In1
                               equ              0x80
   34 00000000 00000080 



ARM Macro Assembler    Page 2 


                       MaskSerial_Dots
                               equ              0x80
   35 00000000 00000010 
                       MaskVprg
                               equ              0x10
   36 00000000 00000008 
                       MaskXlat
                               equ              0x08
   37 00000000 00000004 
                       MaskBlank
                               equ              0x04
   38 00000000 00000020 
                       MaskSclk
                               equ              0x20
   39 00000000 00000002 
                       MaskDsprg
                               equ              0x02
   40 00000000 00000001 
                       MaskGsclk
                               equ              0x01
   41 00000000         
   42 00000000         
   43 00000000 E000ED08 
                       SCB_VTOR
                               EQU              0xE000ED08
   44 00000000 40012C10 
                       TIM1_SR EQU              0x40012c10
   45 00000000 40012C24 
                       TIM1_CNT
                               EQU              0x40012c24
   46 00000000 4000082C 
                       TIM4_ARR
                               EQU              0x4000082C
   47 00000000 40000810 
                       TIM4_SR EQU              0x40000810
   48 00000000         
   49 00000000                 END
   10 00000000         
   11 00000000         
   12 00000000         ;*******************************************************
                       *****************
   13 00000000         ;      IMPORT/EXPORT Système
   14 00000000         ;*******************************************************
                       *****************
   15 00000000         
   16 00000000                 IMPORT           ||Lib$$Request$$armlib|| [CODE,
WEAK]
   17 00000000         
   18 00000000         
   19 00000000         
   20 00000000         
   21 00000000         ; IMPORT/EXPORT de procédure           
   22 00000000         
   23 00000000                 IMPORT           Init_Cible
   24 00000000                 IMPORT           Run_Timer1
   25 00000000                 IMPORT           Stop_Timer1
   26 00000000                 IMPORT           Timer_CC
   27 00000000                 IMPORT           Timer_UP
   28 00000000                 IMPORT           Timer_UP4



ARM Macro Assembler    Page 3 


   29 00000000         
   30 00000000                 EXPORT           main
   31 00000000         
   32 00000000         ;*******************************************************
                       ************************
   33 00000000         
   34 00000000         
   35 00000000         ;*******************************************************
                       ************************
   36 00000000                 AREA             mesdonnees, data, readwrite, al
ign = 9
   37 00000000         
   38 00000000 00 00 00 
              00 00 00 
              00 00 00 
              00 00 00 
              00 00 00 
              00 00 00 
              00 00 00 
              00 00 00 
              00 00 00 
              00 00 00 
              00 00 00 
              00 00 00 
              00 00 00 
              00 00 00 
              00 00 00 
              00 00 00 
              00 00 00 
              00 00 00 
              00 00 00 
              00 00 00 
              00 00 00 
              00 00 00 
              00 00 00 
              00 00 00 
              00 00 00 
              00 00 00 
              00 00 00 
              00 00 00 
              00 00 00 
              00 00 00 
              00 00 00 
              00 00 00 
              00 00 00 
              00 00 00 
              00 00 00 
              00 00 00 
              00 00 00 
              00 00 00 
              00 00 00 
              00 00 00 
              00 00 00 
              00 00 00 
              00 00 00 
              00 00 00 
              00 00 00 
              00 00 00 
              00 00 00 



ARM Macro Assembler    Page 4 


              00 00 00 
              00 00 00 
              00 00 00 
              00 00 00 
              00 00 00 
              00 00 00 
              00 00 00 
              00 00 00 
              00 00 00 
              00 00 00 
              00 00 00 
              00 00 00 
              00 00 00 
              00 00 00 
              00 00 00 
              00 00 00 
              00 00 00 
              00 00 00 
              00 00 00 
              00 00 00 
              00 00 00 
              00 00 00 
              00 00 00 
              00 00 00 
              00 00 00 
              00 00 00 
              00 00 00 
              00 00 00 
              00 00 00 
              00 00 00 
              00 00 00 
              00 00 00 
              00 00 00 
              00 00 00 
              00 00 00 
              00 00 00 
              00 00 00 
              00 00 00 
              00 00 00 
              00 00 00 
              00 00 00 
              00 00 00 
              00 00 00 
              00 00 00 
              00 00 00 
              00 00 00 
              00 00 00 
              00 00 00 
              00 00 00 
              00 00 00 
              00 00 00 
              00 00 00 
              00 00 00 
              00 00 00 
              00 00 00 
              00 00 00 
              00 00 00 
              00 00 00 
              00 00 00 



ARM Macro Assembler    Page 5 


              00 00 00 
              00 00 00 
              00 00 00 
              00 00 00 
              00 00 00 
              00 00 00 
              00 00 00 
              00 00 00 
              00 00 00 
              00 00 00 
              00 00 00 
              00 00 00 
              00 00 00 
              00 00 00 
              00 00 00 
              00 00 00 
              00 00 00 
              00 00 00 
              00 00 00 
              00 00 00 
              00 00 00 
              00 00 00 
              00 00 00 
              00 00 00 
              00 00 00 
              00 00 00 
              00 00 00 
              00 00 00 
              00 00 00 
              00 00 00 
              00 00 00 
              00 00 00 
              00 00 00 
              00 00 00 
              00 00 00 
              00 00 00 
              00 00 00 
              00 00 00 
              00 00 00 
              00 00 00 
              00 00 00 
              00 00 00 
              00 00 00 
              00 00 00 
              00 00 00 
              00 00 00 
              00 00 00 
              00 00 00 
              00 00 00 
              00 00 00 
              00 00 00 
              00 00 00 
              00 00 00 
              00 00 00 
              00 00 00 
              00 00 00 
              00 00 00 
              00 00 00 
              00 00 00 



ARM Macro Assembler    Page 6 


              00 00 00 
              00 00 00 
              00 00 00 
              00 00 00 
              00 00 00 
              00 00 00 
              00 00 00 
              00 00 00 
              00 00 00 
              00 00 00 
              00 00 00 
              00 00 00 
              00 00 00 
              00 00 00 
              00 00 00 
              00 00 00 
              00 00 00 
              00 00 00 
              00 00 00 
              00 00 00 
              00 00 00 
              00 00 00 
              00 00 00 
              00 00 00 
              00 00 00 
              00 00 00 
              00 00 00 
              00 00 00 
              00 00 00 
              00 00 00 
              00 00 00 
              00 00 00 
              00 00 00 
              00 00 00 
              00 00 00 
              00 00 00 
              00 00 00 
              00 00 00 
              00 00 00 
              00 00 00 
              00 00 00 
              00 00 00 
              00 00 00 
              00 00 00 
              00 00 00 
              00 00 00 
              00 00 00 
              00 00 00 
              00 00 00 
              00 00 00 
              00 00 00 
              00 00 00 
              00 00 00 
              00 00 00 
              00 00 00 
              00 00 00 
              00 00 00 
              00 00 00 
              00 00 00 



ARM Macro Assembler    Page 7 


              00 00 00 
              00 00 00 
              00 00 00 
              00 00 00 
              00 00 00 
              00 00 00 
              00 00 00 
              00 00 00 
              00 00 00 
              00 00 00 
              00 00 00 
              00 00 00 
              00 00 00 
              00 00 00 
              00 00 00 
              00 00 00 
              00 00 00 
              00 00 00 
              00 00 00 
              00 00 00 
              00 00 00 
              00 00 00 
              00 00 00 
              00 00 00 
              00 00 00 
              00 00 00 
              00 00 00 
              00 00 00 
              00 00 00 
              00 00 00 
              00 00 00 
              00 00 00 
              00 00 00 
              00 00 00 
              00 00 00 
              00 00 00 
              00 00 00 
              00 00 00 
              00 00 00 
              00 00 00 
              00 00 00 
              00 00 00 
              00 00 00 
              00 00 00 
              00 00 00 
              00 00 00 
              00 00 00 
              00 00 00 
              00 00 00 
              00 00 00 
              00 00 00 
              00 00 00 
              00 00 00 
              00 00 00 
              00 00 00 
              00 00 00 
              00 00 00 
              00 00 00 
              00 00 00 



ARM Macro Assembler    Page 8 


              00 00 00 
              00 00 00 
              00 00 00 
              00 00 00 
              00 00 00 
              00 00 00 
              00 00 00 
              00 00 00 
              00 00 00 
              00 00 00 
              00 00 00 
              00 00 00 
              00 00 00 
              00 00 00 
              00 00 00 
              00 00 00 
              00 00 00 
              00 00 00 
              00 00 00 
              00 00 00 
              00 00 00 
              00 00 00 
              00 00 00 
              00 00 00 
              00 00 00 
              00 00 00 
              00 00 00 
              00 00 00 
              00 00 00 
              00 00 00 
              00 00 00 
              00 00 00 
              00 00 00 
              00 00 00 
              00 00 00 
              00 00 00 
              00 00 00 
              00 00 00 
              00 00 00 
              00 00 00 
              00 00 00 
              00 00 00 
              00 00 00 
              00 00 00 
              00 00 00 
              00 00 00 
              00 00 00 
              00 00 00 
              00 00 00 
              00 00 00 
              00 00 00 
              00 00 00 
              00 00 00 
              00 00 00 
              00 00 00 
              00 00 00 
              00 00 00 
              00 00 00 
              00       TVI     space            1024        ;4*(N+1)? soit N = 



ARM Macro Assembler    Page 9 


                                                            256 (on va copier t
                                                            oute la table)
   39 00000400 00000000 
                       Tourne  DCD              0
   40 00000404 00000000 
                       Tr      DCD              0
   41 00000408         
   42 00000408         ;*******************************************************
                       ************************
   43 00000408         
   44 00000408                 AREA             moncode, code, readonly
   45 00000000         
   46 00000000         ;*******************************************************
                       ************************
   47 00000000         ; Procédure principale et point d'entrée du projet
   48 00000000         ;*******************************************************
                       ************************
   49 00000000         main    PROC
   50 00000000         ;*******************************************************
                       ************************
   51 00000000 F04F 0002       MOV              R0,#2
   52 00000004 F7FF FFFE       BL               Init_Cible  ;
   53 00000008         
   54 00000008 480E            LDR              R0, =TVI
   55 0000000A 490F            LDR              R1, =SCB_VTOR
   56 0000000C 6008            STR              R0, [R1]
   57 0000000E         
   58 0000000E F04F 0100       LDR              R1, =0x00000000
   59 00000012 F04F 0200       MOV              R2, #0
   60 00000016         
   61 00000016         CopierTVI
   62 00000016 680B            LDR              R3, [R1]
   63 00000018 F840 3B04       STR              R3, [R0], #4
   64 0000001C F101 0104       ADD              R1, R1, #4
   65 00000020 F102 0201       ADD              R2, R2, #1
   66 00000024 F5B2 7F80       CMP              R2, #256
   67 00000028 D1F5            BNE              CopierTVI
   68 0000002A         
   69 0000002A         ;Maintenant, on commence a instancier les routines pour 
                       les interruptions 25, 27 et 30 dans la TVI
   70 0000002A         
   71 0000002A 4906            LDR              R1, =TVI
   72 0000002C         
   73 0000002C 4807            LDR              R0, =Timer_UP ;Pour l'interrupt
                                                            ion 25 (TIM1_CNT = 
                                                            0xFFFF), on crée la
                                                             routine Timer_UP
   74 0000002E F8C1 00A4       STR              R0, [R1, #(16+25)*4]
   75 00000032         
   76 00000032 4807            LDR              R0, =Timer_CC ;Pour l'interrupt
                                                            ion 27 (senseur du 
                                                            capteur activé), on
                                                             crée la routine Ti
                                                            mer_CC
   77 00000034 F8C1 00AC       STR              R0, [R1, #(16+27)*4]
   78 00000038         
   79 00000038 4806            LDR              R0, =Timer_UP4
   80 0000003A F8C1 00B8       STR              R0, [R1, #(16+30)*4] ;Pour l'in
                                                            terruption 30 (TIM4



ARM Macro Assembler    Page 10 


                                                            _ARR = Tr/Nbsecteur
                                                            s), on crée la rout
                                                            ine Timer_UP
   81 0000003E         
   82 0000003E F7FF FFFE       BL               Run_Timer1
   83 00000042         
   84 00000042 E7FE    RoueMagique
                               B                RoueMagique
   85 00000044         
   86 00000044                 ENDP
   87 00000044                 END
              00000000 
              E000ED08 
              00000000 
              00000000 
              00000000 
Command Line: --debug --xref --diag_suppress=9931 --cpu=Cortex-M3 --apcs=interw
ork --depend=.\objects\principale.d -o.\objects\principale.o -I.\RTE\Device\STM
32F103RB -I.\RTE\_Simul_ -IC:\Users\emarina\AppData\Local\Arm\Packs\ARM\CMSIS\5
.6.0\CMSIS\Core\Include -IC:\Users\emarina\AppData\Local\Arm\Packs\Keil\STM32F1
xx_DFP\2.3.0\Device\Include --predefine="__EVAL SETA 1" --predefine="__MICROLIB
 SETA 1" --predefine="__UVISION_VERSION SETA 529" --predefine="_RTE_ SETA 1" --
predefine="STM32F10X_MD SETA 1" --predefine="STM32F10X_MD SETA 1" --list=.\list
ings\principale.lst Principale.asm



ARM Macro Assembler    Page 1 Alphabetic symbol ordering
Relocatable symbols

TVI 00000000

Symbol: TVI
   Definitions
      At line 38 in file Principale.asm
   Uses
      At line 54 in file Principale.asm
      At line 71 in file Principale.asm

Tourne 00000400

Symbol: Tourne
   Definitions
      At line 39 in file Principale.asm
   Uses
      None
Comment: Tourne unused
Tr 00000404

Symbol: Tr
   Definitions
      At line 40 in file Principale.asm
   Uses
      None
Comment: Tr unused
mesdonnees 00000000

Symbol: mesdonnees
   Definitions
      At line 36 in file Principale.asm
   Uses
      None
Comment: mesdonnees unused
4 symbols



ARM Macro Assembler    Page 1 Alphabetic symbol ordering
Relocatable symbols

CopierTVI 00000016

Symbol: CopierTVI
   Definitions
      At line 61 in file Principale.asm
   Uses
      At line 67 in file Principale.asm
Comment: CopierTVI used once
RoueMagique 00000042

Symbol: RoueMagique
   Definitions
      At line 84 in file Principale.asm
   Uses
      At line 84 in file Principale.asm
Comment: RoueMagique used once
main 00000000

Symbol: main
   Definitions
      At line 49 in file Principale.asm
   Uses
      At line 30 in file Principale.asm
Comment: main used once
moncode 00000000

Symbol: moncode
   Definitions
      At line 44 in file Principale.asm
   Uses
      None
Comment: moncode unused
4 symbols



ARM Macro Assembler    Page 1 Alphabetic symbol ordering
Absolute symbols

GPIOBASEA 40010800

Symbol: GPIOBASEA
   Definitions
      At line 24 in file REG_UTILES.inc
   Uses
      None
Comment: GPIOBASEA unused
GPIOBASEB 40010C00

Symbol: GPIOBASEB
   Definitions
      At line 25 in file REG_UTILES.inc
   Uses
      None
Comment: GPIOBASEB unused
MaskBlank 00000004

Symbol: MaskBlank
   Definitions
      At line 37 in file REG_UTILES.inc
   Uses
      None
Comment: MaskBlank unused
MaskDsprg 00000002

Symbol: MaskDsprg
   Definitions
      At line 39 in file REG_UTILES.inc
   Uses
      None
Comment: MaskDsprg unused
MaskGsclk 00000001

Symbol: MaskGsclk
   Definitions
      At line 40 in file REG_UTILES.inc
   Uses
      None
Comment: MaskGsclk unused
MaskSclk 00000020

Symbol: MaskSclk
   Definitions
      At line 38 in file REG_UTILES.inc
   Uses
      None
Comment: MaskSclk unused
MaskSerial_Dots 00000080

Symbol: MaskSerial_Dots
   Definitions
      At line 34 in file REG_UTILES.inc
   Uses
      None
Comment: MaskSerial_Dots unused
MaskSerial_In1 00000080

Symbol: MaskSerial_In1



ARM Macro Assembler    Page 2 Alphabetic symbol ordering
Absolute symbols

   Definitions
      At line 33 in file REG_UTILES.inc
   Uses
      None
Comment: MaskSerial_In1 unused
MaskVprg 00000010

Symbol: MaskVprg
   Definitions
      At line 35 in file REG_UTILES.inc
   Uses
      None
Comment: MaskVprg unused
MaskXlat 00000008

Symbol: MaskXlat
   Definitions
      At line 36 in file REG_UTILES.inc
   Uses
      None
Comment: MaskXlat unused
OffsetInput 00000008

Symbol: OffsetInput
   Definitions
      At line 27 in file REG_UTILES.inc
   Uses
      None
Comment: OffsetInput unused
OffsetOutput 0000000C

Symbol: OffsetOutput
   Definitions
      At line 28 in file REG_UTILES.inc
   Uses
      None
Comment: OffsetOutput unused
OffsetReset 00000014

Symbol: OffsetReset
   Definitions
      At line 30 in file REG_UTILES.inc
   Uses
      None
Comment: OffsetReset unused
OffsetSet 00000010

Symbol: OffsetSet
   Definitions
      At line 29 in file REG_UTILES.inc
   Uses
      None
Comment: OffsetSet unused
SCB_VTOR E000ED08

Symbol: SCB_VTOR
   Definitions
      At line 43 in file REG_UTILES.inc
   Uses



ARM Macro Assembler    Page 3 Alphabetic symbol ordering
Absolute symbols

      At line 55 in file Principale.asm
Comment: SCB_VTOR used once
TIM1_CNT 40012C24

Symbol: TIM1_CNT
   Definitions
      At line 45 in file REG_UTILES.inc
   Uses
      None
Comment: TIM1_CNT unused
TIM1_SR 40012C10

Symbol: TIM1_SR
   Definitions
      At line 44 in file REG_UTILES.inc
   Uses
      None
Comment: TIM1_SR unused
TIM4_ARR 4000082C

Symbol: TIM4_ARR
   Definitions
      At line 46 in file REG_UTILES.inc
   Uses
      None
Comment: TIM4_ARR unused
TIM4_SR 40000810

Symbol: TIM4_SR
   Definitions
      At line 47 in file REG_UTILES.inc
   Uses
      None
Comment: TIM4_SR unused
19 symbols



ARM Macro Assembler    Page 1 Alphabetic symbol ordering
External symbols

Init_Cible 00000000

Symbol: Init_Cible
   Definitions
      At line 23 in file Principale.asm
   Uses
      At line 52 in file Principale.asm
Comment: Init_Cible used once
Run_Timer1 00000000

Symbol: Run_Timer1
   Definitions
      At line 24 in file Principale.asm
   Uses
      At line 82 in file Principale.asm
Comment: Run_Timer1 used once
Stop_Timer1 00000000

Symbol: Stop_Timer1
   Definitions
      At line 25 in file Principale.asm
   Uses
      None
Comment: Stop_Timer1 unused
Timer_CC 00000000

Symbol: Timer_CC
   Definitions
      At line 26 in file Principale.asm
   Uses
      At line 76 in file Principale.asm
Comment: Timer_CC used once
Timer_UP 00000000

Symbol: Timer_UP
   Definitions
      At line 27 in file Principale.asm
   Uses
      At line 73 in file Principale.asm
Comment: Timer_UP used once
Timer_UP4 00000000

Symbol: Timer_UP4
   Definitions
      At line 28 in file Principale.asm
   Uses
      At line 79 in file Principale.asm
Comment: Timer_UP4 used once
|Lib$$Request$$armlib| 00000000

Symbol: |Lib$$Request$$armlib|
   Definitions
      At line 16 in file Principale.asm
   Uses
      None
Comment: |Lib$$Request$$armlib| unused
7 symbols
371 symbols in table
