


ARM Macro Assembler    Page 1 


    1 00000000         
    2 00000000         
    3 00000000         ;*******************************************************
                       *****************
    4 00000000                 THUMB
    5 00000000                 REQUIRE8
    6 00000000                 PRESERVE8
    7 00000000         ;*******************************************************
                       *****************
    8 00000000         
    9 00000000                 include          REG_UTILES.inc
    1 00000000         
    2 00000000         ;**************************************
    3 00000000         ;     Les adresess utiles  
    4 00000000         ;***************************************
    5 00000000         
    6 00000000         
    7 00000000         ;**************************************
    8 00000000         ;     Affectation des bits GPIO  
    9 00000000         ;***************************************
   10 00000000         ; GSLCK..... PA0 
   11 00000000         ; DSPRG..... PA1 
   12 00000000         ; BLANK..... PA2 
   13 00000000         ; XLAT...... PA3
   14 00000000         ; VPRG...... PA4
   15 00000000         ; SCLK...... PA5
   16 00000000         ; SIN1...... PA7
   17 00000000         ;Capteur.....PA8
   18 00000000         
   19 00000000         ;LED.........PB10
   20 00000000         ;****************************************/
   21 00000000         
   22 00000000         
   23 00000000         
   24 00000000 40010800 
                       GPIOBASEA
                               EQU              0X40010800
   25 00000000 40010C00 
                       GPIOBASEB
                               EQU              0X40010C00
   26 00000000         
   27 00000000 00000008 
                       OffsetInput
                               EQU              0x08
   28 00000000 0000000C 
                       OffsetOutput
                               EQU              0x0C
   29 00000000 00000010 
                       OffsetSet
                               EQU              0x10
   30 00000000 00000014 
                       OffsetReset
                               EQU              0x14
   31 00000000         
   32 00000000         
   33 00000000 00000080 
                       MaskSerial_In1
                               equ              0x80
   34 00000000 00000080 



ARM Macro Assembler    Page 2 


                       MaskSerial_Dots
                               equ              0x80
   35 00000000 00000010 
                       MaskVprg
                               equ              0x10
   36 00000000 00000008 
                       MaskXlat
                               equ              0x08
   37 00000000 00000004 
                       MaskBlank
                               equ              0x04
   38 00000000 00000020 
                       MaskSclk
                               equ              0x20
   39 00000000 00000002 
                       MaskDsprg
                               equ              0x02
   40 00000000 00000001 
                       MaskGsclk
                               equ              0x01
   41 00000000         
   42 00000000         
   43 00000000 E000ED08 
                       SCB_VTOR
                               EQU              0xE000ED08
   44 00000000 40012C10 
                       TIM1_SR EQU              0x40012c10
   45 00000000 40012C24 
                       TIM1_CNT
                               EQU              0x40012c24
   46 00000000 4000082C 
                       TIM4_ARR
                               EQU              0x4000082C
   47 00000000 40000810 
                       TIM4_SR EQU              0x40000810
   48 00000000         
   49 00000000         
   50 00000000         
   51 00000000         
   52 00000000         
   53 00000000                 END
   10 00000000         
   11 00000000         
   12 00000000         ;*******************************************************
                       *****************
   13 00000000         ;      IMPORT/EXPORT Système
   14 00000000         ;*******************************************************
                       *****************
   15 00000000         
   16 00000000                 IMPORT           ||Lib$$Request$$armlib|| [CODE,
WEAK]
   17 00000000         
   18 00000000         
   19 00000000         
   20 00000000         
   21 00000000         ; IMPORT/EXPORT de procédure           
   22 00000000         
   23 00000000                 IMPORT           Init_Cible
   24 00000000         



ARM Macro Assembler    Page 3 


   25 00000000                 IMPORT           Allume_LED
   26 00000000                 IMPORT           Eteint_LED
   27 00000000         
   28 00000000                 EXPORT           main
   29 00000000         
   30 00000000         ;*******************************************************
                       ************************
   31 00000000         
   32 00000000         
   33 00000000         ;*******************************************************
                       ************************
   34 00000000                 AREA             mesdonnees, data, readwrite
   35 00000000         
   36 00000000         ;*******************************************************
                       ************************
   37 00000000         
   38 00000000                 AREA             moncode, code, readonly
   39 00000000         
   40 00000000         
   41 00000000         
   42 00000000         ;*******************************************************
                       ************************
   43 00000000         ; Procédure principale et point d'entrée du projet
   44 00000000         ;*******************************************************
                       ************************
   45 00000000         main    PROC
   46 00000000         ;*******************************************************
                       ************************
   47 00000000         
   48 00000000 F04F 0000       MOV              R0,#0
   49 00000004 F04F 0500       MOV              R5,#0
   50 00000008 F7FF FFFE       BL               Init_Cible  ;
   51 0000000C         
   52 0000000C         TantQue
   53 0000000C         
   54 0000000C 4A0B            LDR              R2, =0X40010808
   55 0000000E 7851            LDRB             R1, [R2,#1]
   56 00000010 2901            CMP              R1, #1
   57 00000012         
   58 00000012 D001            BEQ              Allume
   59 00000014 F7FF FFFE       BL               Eteint_LED  ;
   60 00000018         
   61 00000018         Allume
   62 00000018 F7FF FFFE       BL               Allume_LED  ;
   63 0000001C         
   64 0000001C F105 0501       ADD              R5,#1
   65 00000020 2D0A            CMP              R5,#10
   66 00000022 D00A            BEQ              Boucle
   67 00000024         
   68 00000024 E7F2            B                TantQue
   69 00000026         
   70 00000026         
   71 00000026         ; pour allumer la LED avec le registre output  
   72 00000026 4A06            LDR              R2, =0x40010C0C
   73 00000028 8811            LDRH             R1, [R2]
   74 0000002A F441 6180       ORR              R1, R1, #(0x01 << 10)
   75 0000002E 8011            STRH             R1, [R2]
   76 00000030         
   77 00000030         ; pour éteindre la LED avec le registre output



ARM Macro Assembler    Page 4 


   78 00000030 4A03            LDR              R2, =0x40010C0C
   79 00000032 8811            LDRH             R1, [R2]
   80 00000034 F421 6180       AND              R1, #~(0x01 << 10)
   81 00000038 8011            STRH             R1, [R2]
   82 0000003A         
   83 0000003A         Boucle
   84 0000003A E7FE            B                Boucle      ;boucle inifinie te
                                                            rminale...
   85 0000003C         
   86 0000003C                 ENDP
   87 0000003C         
   88 0000003C                 END
              40010808 
              40010C0C 
Command Line: --debug --xref --diag_suppress=9931 --cpu=Cortex-M3 --apcs=interw
ork --depend=.\objects\principale.d -o.\objects\principale.o -I.\RTE\Device\STM
32F103RB -I.\RTE\_Simul_ -IC:\Users\emarina\AppData\Local\Arm\Packs\ARM\CMSIS\5
.6.0\CMSIS\Core\Include -IC:\Users\emarina\AppData\Local\Arm\Packs\Keil\STM32F1
xx_DFP\2.3.0\Device\Include --predefine="__EVAL SETA 1" --predefine="__MICROLIB
 SETA 1" --predefine="__UVISION_VERSION SETA 529" --predefine="_RTE_ SETA 1" --
predefine="STM32F10X_MD SETA 1" --predefine="STM32F10X_MD SETA 1" --list=.\list
ings\principale.lst Principale.asm



ARM Macro Assembler    Page 1 Alphabetic symbol ordering
Relocatable symbols

mesdonnees 00000000

Symbol: mesdonnees
   Definitions
      At line 34 in file Principale.asm
   Uses
      None
Comment: mesdonnees unused
1 symbol



ARM Macro Assembler    Page 1 Alphabetic symbol ordering
Relocatable symbols

Allume 00000018

Symbol: Allume
   Definitions
      At line 61 in file Principale.asm
   Uses
      At line 58 in file Principale.asm
Comment: Allume used once
Boucle 0000003A

Symbol: Boucle
   Definitions
      At line 83 in file Principale.asm
   Uses
      At line 66 in file Principale.asm
      At line 84 in file Principale.asm

TantQue 0000000C

Symbol: TantQue
   Definitions
      At line 52 in file Principale.asm
   Uses
      At line 68 in file Principale.asm
Comment: TantQue used once
main 00000000

Symbol: main
   Definitions
      At line 45 in file Principale.asm
   Uses
      At line 28 in file Principale.asm
Comment: main used once
moncode 00000000

Symbol: moncode
   Definitions
      At line 38 in file Principale.asm
   Uses
      None
Comment: moncode unused
5 symbols



ARM Macro Assembler    Page 1 Alphabetic symbol ordering
Absolute symbols

GPIOBASEA 40010800

Symbol: GPIOBASEA
   Definitions
      At line 24 in file REG_UTILES.inc
   Uses
      None
Comment: GPIOBASEA unused
GPIOBASEB 40010C00

Symbol: GPIOBASEB
   Definitions
      At line 25 in file REG_UTILES.inc
   Uses
      None
Comment: GPIOBASEB unused
MaskBlank 00000004

Symbol: MaskBlank
   Definitions
      At line 37 in file REG_UTILES.inc
   Uses
      None
Comment: MaskBlank unused
MaskDsprg 00000002

Symbol: MaskDsprg
   Definitions
      At line 39 in file REG_UTILES.inc
   Uses
      None
Comment: MaskDsprg unused
MaskGsclk 00000001

Symbol: MaskGsclk
   Definitions
      At line 40 in file REG_UTILES.inc
   Uses
      None
Comment: MaskGsclk unused
MaskSclk 00000020

Symbol: MaskSclk
   Definitions
      At line 38 in file REG_UTILES.inc
   Uses
      None
Comment: MaskSclk unused
MaskSerial_Dots 00000080

Symbol: MaskSerial_Dots
   Definitions
      At line 34 in file REG_UTILES.inc
   Uses
      None
Comment: MaskSerial_Dots unused
MaskSerial_In1 00000080

Symbol: MaskSerial_In1



ARM Macro Assembler    Page 2 Alphabetic symbol ordering
Absolute symbols

   Definitions
      At line 33 in file REG_UTILES.inc
   Uses
      None
Comment: MaskSerial_In1 unused
MaskVprg 00000010

Symbol: MaskVprg
   Definitions
      At line 35 in file REG_UTILES.inc
   Uses
      None
Comment: MaskVprg unused
MaskXlat 00000008

Symbol: MaskXlat
   Definitions
      At line 36 in file REG_UTILES.inc
   Uses
      None
Comment: MaskXlat unused
OffsetInput 00000008

Symbol: OffsetInput
   Definitions
      At line 27 in file REG_UTILES.inc
   Uses
      None
Comment: OffsetInput unused
OffsetOutput 0000000C

Symbol: OffsetOutput
   Definitions
      At line 28 in file REG_UTILES.inc
   Uses
      None
Comment: OffsetOutput unused
OffsetReset 00000014

Symbol: OffsetReset
   Definitions
      At line 30 in file REG_UTILES.inc
   Uses
      None
Comment: OffsetReset unused
OffsetSet 00000010

Symbol: OffsetSet
   Definitions
      At line 29 in file REG_UTILES.inc
   Uses
      None
Comment: OffsetSet unused
SCB_VTOR E000ED08

Symbol: SCB_VTOR
   Definitions
      At line 43 in file REG_UTILES.inc
   Uses



ARM Macro Assembler    Page 3 Alphabetic symbol ordering
Absolute symbols

      None
Comment: SCB_VTOR unused
TIM1_CNT 40012C24

Symbol: TIM1_CNT
   Definitions
      At line 45 in file REG_UTILES.inc
   Uses
      None
Comment: TIM1_CNT unused
TIM1_SR 40012C10

Symbol: TIM1_SR
   Definitions
      At line 44 in file REG_UTILES.inc
   Uses
      None
Comment: TIM1_SR unused
TIM4_ARR 4000082C

Symbol: TIM4_ARR
   Definitions
      At line 46 in file REG_UTILES.inc
   Uses
      None
Comment: TIM4_ARR unused
TIM4_SR 40000810

Symbol: TIM4_SR
   Definitions
      At line 47 in file REG_UTILES.inc
   Uses
      None
Comment: TIM4_SR unused
19 symbols



ARM Macro Assembler    Page 1 Alphabetic symbol ordering
External symbols

Allume_LED 00000000

Symbol: Allume_LED
   Definitions
      At line 25 in file Principale.asm
   Uses
      At line 62 in file Principale.asm
Comment: Allume_LED used once
Eteint_LED 00000000

Symbol: Eteint_LED
   Definitions
      At line 26 in file Principale.asm
   Uses
      At line 59 in file Principale.asm
Comment: Eteint_LED used once
Init_Cible 00000000

Symbol: Init_Cible
   Definitions
      At line 23 in file Principale.asm
   Uses
      At line 50 in file Principale.asm
Comment: Init_Cible used once
|Lib$$Request$$armlib| 00000000

Symbol: |Lib$$Request$$armlib|
   Definitions
      At line 16 in file Principale.asm
   Uses
      None
Comment: |Lib$$Request$$armlib| unused
4 symbols
366 symbols in table
